<?xml version="1.0" encoding="utf-8"?><testsuites name="pytest tests"><testsuite name="pytest" errors="0" failures="0" skipped="0" tests="33" time="9.206" timestamp="2026-07-18T11:27:39.917507+00:00" hostname="agent-env-7f66259a-1ba8-4a9a-93f1-930b76d04107"><testcase classname="tests.test_waheeba_backend.TestAuth" name="test_admin_login" time="0.329" /><testcase classname="tests.test_waheeba_backend.TestProducts" name="test_list_products" time="1.274" /><testcase classname="tests.test_waheeba_backend.TestAuth" name="test_admin_login_wrong_password" time="0.356" /><testcase classname="tests.test_waheeba_backend.TestAuth" name="test_register_new_user_welcome_bonus" time="0.318" /><testcase classname="tests.test_waheeba_backend.TestAuth" name="test_register_duplicate_email" time="0.352" /><testcase classname="tests.test_waheeba_backend.TestProducts" name="test_featured_products" time="0.134" /><testcase classname="tests.test_waheeba_backend.TestProducts" name="test_new_products" time="1.091" /><testcase classname="tests.test_waheeba_backend.TestAuth" name="test_get_me_authenticated" time="0.445" /><testcase classname="tests.test_waheeba_backend.TestAuth" name="test_get_me_no_auth" time="0.092" /><testcase classname="tests.test_new_features.TestImageUpload" name="test_upload_png_and_fetch" time="0.511" /><testcase classname="tests.test_new_features.TestImageUpload" name="test_upload_rejects_non_image" time="0.095" /><testcase classname="tests.test_waheeba_backend.TestProducts" name="test_filter_by_category" time="1.088" /><testcase classname="tests.test_new_features.TestImageUpload" name="test_upload_requires_admin" time="0.089" /><testcase classname="tests.test_new_features.TestImageUpload" name="test_upload_missing_auth" time="0.139" /><testcase classname="tests.test_new_features.TestImageUpload" name="test_upload_get_nonexistent" time="0.096" /><testcase classname="tests.test_waheeba_backend.TestCart" name="test_add_and_get_cart_authenticated" time="1.080" /><testcase classname="tests.test_waheeba_backend.TestProducts" name="test_search_products" time="0.896" /><testcase classname="tests.test_waheeba_backend.TestCart" name="test_update_cart_quantity" time="1.346" /><testcase classname="tests.test_waheeba_backend.TestProducts" name="test_get_product_by_id" time="0.993" /><testcase classname="tests.test_waheeba_backend.TestCart" name="test_delete_cart_item_by_quantity_zero" time="1.040" /><testcase classname="tests.test_waheeba_backend.TestProducts" name="test_get_product_not_found" time="0.090" /><testcase classname="tests.test_new_features.TestPreviewService" name="test_create_order_with_preview_service_true" time="1.829" /><testcase classname="tests.test_waheeba_backend.TestCart" name="test_clear_cart" time="0.147" /><testcase classname="tests.test_waheeba_backend.TestAdmin" name="test_admin_stats" time="0.100" /><testcase classname="tests.test_waheeba_backend.TestAdmin" name="test_admin_stats_forbidden_for_regular_user" time="0.126" /><testcase classname="tests.test_waheeba_backend.TestAdmin" name="test_admin_can_list_all_orders" time="0.098" /><testcase classname="tests.test_waheeba_backend.TestOrders" name="test_create_order_cod_and_verify_loyalty" time="1.143" /><testcase classname="tests.test_new_features.TestPreviewService" name="test_create_order_without_preview_defaults_false" time="1.036" /><testcase classname="tests.test_waheeba_backend.TestOrders" name="test_order_without_auth" time="0.085" /><testcase classname="tests.test_waheeba_backend.TestHealth" name="test_root_endpoint" time="0.093" /><testcase classname="tests.test_waheeba_backend.TestChat" name="test_chat_endpoint_streams" time="0.785" /><testcase classname="tests.test_new_features.TestPreviewService" name="test_admin_can_see_preview_flag_in_orders" time="0.096" /><testcase classname="tests.test_waheeba_backend.TestLoyalty" name="test_get_loyalty_transactions" time="0.094" /></testsuite></testsuites>