<?xml version="1.0" encoding="utf-8"?><testsuites name="pytest tests"><testsuite name="pytest" errors="0" failures="0" skipped="0" tests="25" time="8.533" timestamp="2026-07-18T07:40:35.058485+00:00" hostname="agent-env-7f66259a-1ba8-4a9a-93f1-930b76d04107"><testcase classname="tests.test_waheeba_backend.TestAuth" name="test_admin_login" time="1.897" /><testcase classname="tests.test_waheeba_backend.TestProducts" name="test_list_products" time="1.898" /><testcase classname="tests.test_waheeba_backend.TestAuth" name="test_admin_login_wrong_password" time="0.352" /><testcase classname="tests.test_waheeba_backend.TestProducts" name="test_featured_products" time="0.097" /><testcase classname="tests.test_waheeba_backend.TestProducts" name="test_new_products" time="0.258" /><testcase classname="tests.test_waheeba_backend.TestAuth" name="test_register_new_user_welcome_bonus" time="0.338" /><testcase classname="tests.test_waheeba_backend.TestProducts" name="test_filter_by_category" time="0.323" /><testcase classname="tests.test_waheeba_backend.TestProducts" name="test_search_products" time="0.331" /><testcase classname="tests.test_waheeba_backend.TestAuth" name="test_register_duplicate_email" time="0.418" /><testcase classname="tests.test_waheeba_backend.TestProducts" name="test_get_product_by_id" time="0.174" /><testcase classname="tests.test_waheeba_backend.TestProducts" name="test_get_product_not_found" time="0.258" /><testcase classname="tests.test_waheeba_backend.TestAuth" name="test_get_me_authenticated" time="0.437" /><testcase classname="tests.test_waheeba_backend.TestAuth" name="test_get_me_no_auth" time="0.228" /><testcase classname="tests.test_waheeba_backend.TestCart" name="test_add_and_get_cart_authenticated" time="0.795" /><testcase classname="tests.test_waheeba_backend.TestAdmin" name="test_admin_stats" time="0.471" /><testcase classname="tests.test_waheeba_backend.TestCart" name="test_update_cart_quantity" time="0.323" /><testcase classname="tests.test_waheeba_backend.TestAdmin" name="test_admin_stats_forbidden_for_regular_user" time="0.128" /><testcase classname="tests.test_waheeba_backend.TestAdmin" name="test_admin_can_list_all_orders" time="0.098" /><testcase classname="tests.test_waheeba_backend.TestOrders" name="test_create_order_cod_and_verify_loyalty" time="0.317" /><testcase classname="tests.test_waheeba_backend.TestCart" name="test_delete_cart_item_by_quantity_zero" time="0.348" /><testcase classname="tests.test_waheeba_backend.TestOrders" name="test_order_without_auth" time="0.141" /><testcase classname="tests.test_waheeba_backend.TestCart" name="test_clear_cart" time="0.097" /><testcase classname="tests.test_waheeba_backend.TestHealth" name="test_root_endpoint" time="0.091" /><testcase classname="tests.test_waheeba_backend.TestLoyalty" name="test_get_loyalty_transactions" time="0.092" /><testcase classname="tests.test_waheeba_backend.TestChat" name="test_chat_endpoint_streams" time="2.732" /></testsuite></testsuites>